#-----------------------------------------------------------
# Vivado v2018.3 (64-bit)
# SW Build 2405991 on Thu Dec  6 23:38:27 MST 2018
# IP Build 2404404 on Fri Dec  7 01:43:56 MST 2018
# Start of session at: Wed May 25 15:58:44 2022
# Process ID: 7056
# Current directory: F:/Facultate_Maria/ovidiu/proiect_masina
# Command line: vivado.exe -gui_launcher_event rodinguilauncherevent6104 F:\Facultate_Maria\ovidiu\proiect_masina\proiect_masina.xpr
# Log file: F:/Facultate_Maria/ovidiu/proiect_masina/vivado.log
# Journal file: F:/Facultate_Maria/ovidiu/proiect_masina\vivado.jou
#-----------------------------------------------------------
start_gui
open_project F:/Facultate_Maria/ovidiu/proiect_masina/proiect_masina.xpr
INFO: [Project 1-313] Project file moved from 'D:/facultate/an2sem2/psn/proiect_masina' since last save.
CRITICAL WARNING: [Project 1-311] Could not find the file 'F:/Facultate_Maria/AC/lab1_numarator/Basys3_test_env.xdc', nor could it be found using path 'D:/facultate/an2sem2/AC/lab1_numarator/Basys3_test_env.xdc'.
Scanning sources...
Finished scanning sources
INFO: [Project 1-230] Project 'proiect_masina.xpr' upgraded for this version of Vivado.
INFO: [IP_Flow 19-234] Refreshing IP repositories
INFO: [IP_Flow 19-1704] No user IP repositories specified
INFO: [IP_Flow 19-2313] Loaded Vivado IP repository 'D:/Xilinx/Vivado/2018.3/data/ip'.
open_project: Time (s): cpu = 00:00:29 ; elapsed = 00:00:25 . Memory (MB): peak = 689.430 ; gain = 118.750
update_compile_order -fileset sources_1
