#-----------------------------------------------------------
# Vivado v2018.3 (64-bit)
# SW Build 2405991 on Thu Dec  6 23:38:27 MST 2018
# IP Build 2404404 on Fri Dec  7 01:43:56 MST 2018
# Start of session at: Sun May 22 21:14:58 2022
# Process ID: 7036
# Current directory: F:/Facultate_Maria/proiect_masina_maybe/proiect_masina
# Command line: vivado.exe -gui_launcher_event rodinguilauncherevent6660 F:\Facultate_Maria\proiect_masina_maybe\proiect_masina\proiect_masina.xpr
# Log file: F:/Facultate_Maria/proiect_masina_maybe/proiect_masina/vivado.log
# Journal file: F:/Facultate_Maria/proiect_masina_maybe/proiect_masina\vivado.jou
#-----------------------------------------------------------
start_gui
open_project F:/Facultate_Maria/proiect_masina_maybe/proiect_masina/proiect_masina.xpr
INFO: [Project 1-313] Project file moved from 'D:/facultate/an2sem2/psn/proiect_masina' since last save.
CRITICAL WARNING: [Project 1-311] Could not find the file 'F:/Facultate_Maria/AC/lab1_numarator/Basys3_test_env.xdc', nor could it be found using path 'D:/facultate/an2sem2/AC/lab1_numarator/Basys3_test_env.xdc'.
CRITICAL WARNING: [Project 1-311] Could not find the file 'F:/Facultate_Maria/proiect_masina_maybe/proiect_masina/proiect_masina.srcs/sim_1/new/div_frecv1sec.vhd', nor could it be found using path 'D:/facultate/an2sem2/psn/proiect_masina/proiect_masina.srcs/sim_1/new/div_frecv1sec.vhd'.
CRITICAL WARNING: [Project 1-311] Could not find the file 'F:/Facultate_Maria/proiect_masina_maybe/proiect_masina/proiect_masina.srcs/sim_1/new/div_frecv1min.vhd', nor could it be found using path 'D:/facultate/an2sem2/psn/proiect_masina/proiect_masina.srcs/sim_1/new/div_frecv1min.vhd'.
CRITICAL WARNING: [Project 1-311] Could not find the file 'F:/Facultate_Maria/proiect_masina_maybe/proiect_masina/proiect_masina.srcs/sim_1/new/count9_0.vhd', nor could it be found using path 'D:/facultate/an2sem2/psn/proiect_masina/proiect_masina.srcs/sim_1/new/count9_0.vhd'.
CRITICAL WARNING: [Project 1-311] Could not find the file 'F:/Facultate_Maria/proiect_masina_maybe/proiect_masina/proiect_masina.srcs/sim_1/new/count5_0.vhd', nor could it be found using path 'D:/facultate/an2sem2/psn/proiect_masina/proiect_masina.srcs/sim_1/new/count5_0.vhd'.
CRITICAL WARNING: [Project 1-311] Could not find the file 'F:/Facultate_Maria/proiect_masina_maybe/proiect_masina/proiect_masina.srcs/sim_1/new/div_frecv60hz.vhd', nor could it be found using path 'D:/facultate/an2sem2/psn/proiect_masina/proiect_masina.srcs/sim_1/new/div_frecv60hz.vhd'.
CRITICAL WARNING: [Project 1-311] Could not find the file 'F:/Facultate_Maria/proiect_masina_maybe/proiect_masina/proiect_masina.srcs/sim_1/new/tmer_ssd.vhd', nor could it be found using path 'D:/facultate/an2sem2/psn/proiect_masina/proiect_masina.srcs/sim_1/new/tmer_ssd.vhd'.
Scanning sources...
Finished scanning sources
INFO: [Project 1-230] Project 'proiect_masina.xpr' upgraded for this version of Vivado.
INFO: [IP_Flow 19-234] Refreshing IP repositories
INFO: [IP_Flow 19-1704] No user IP repositories specified
INFO: [IP_Flow 19-2313] Loaded Vivado IP repository 'D:/Xilinx/Vivado/2018.3/data/ip'.
open_project: Time (s): cpu = 00:00:23 ; elapsed = 00:00:18 . Memory (MB): peak = 709.195 ; gain = 118.453
update_compile_order -fileset sources_1
update_compile_order -fileset sim_1
reset_run synth_1
launch_runs impl_1 -to_step write_bitstream -jobs 2
[Sun May 22 21:25:11 2022] Launched synth_1...
Run output will be captured here: F:/Facultate_Maria/proiect_masina_maybe/proiect_masina/proiect_masina.runs/synth_1/runme.log
[Sun May 22 21:25:11 2022] Launched impl_1...
Run output will be captured here: F:/Facultate_Maria/proiect_masina_maybe/proiect_masina/proiect_masina.runs/impl_1/runme.log
export_ip_user_files -of_objects  [get_files F:/Facultate_Maria/AC/lab1_numarator/Basys3_test_env.xdc] -no_script -reset -force -quiet
remove_files  -fileset constrs_1 F:/Facultate_Maria/AC/lab1_numarator/Basys3_test_env.xdc
add_files -fileset constrs_1 -norecurse F:/Masina_de_spalat/masina/masina.srcs/constrs_1/new/basys3_constr.xdc
reset_run synth_1
launch_runs impl_1 -to_step write_bitstream -jobs 2
[Sun May 22 21:26:39 2022] Launched synth_1...
Run output will be captured here: F:/Facultate_Maria/proiect_masina_maybe/proiect_masina/proiect_masina.runs/synth_1/runme.log
[Sun May 22 21:26:39 2022] Launched impl_1...
Run output will be captured here: F:/Facultate_Maria/proiect_masina_maybe/proiect_masina/proiect_masina.runs/impl_1/runme.log
open_hw
connect_hw_server
INFO: [Labtools 27-2285] Connecting to hw_server url TCP:localhost:3121
INFO: [Labtools 27-2222] Launching hw_server...
INFO: [Labtools 27-2221] Launch Output:

****** Xilinx hw_server v2018.3
  **** Build date : Dec  7 2018-00:40:27
    ** Copyright 1986-2018 Xilinx, Inc. All Rights Reserved.


connect_hw_server: Time (s): cpu = 00:00:02 ; elapsed = 00:00:05 . Memory (MB): peak = 854.543 ; gain = 0.000
disconnect_hw_server localhost:3121
connect_hw_server
INFO: [Labtools 27-2285] Connecting to hw_server url TCP:localhost:3121
reset_run impl_1 -prev_step 
launch_runs impl_1 -to_step write_bitstream -jobs 2
[Sun May 22 21:40:21 2022] Launched impl_1...
Run output will be captured here: F:/Facultate_Maria/proiect_masina_maybe/proiect_masina/proiect_masina.runs/impl_1/runme.log
disconnect_hw_server localhost:3121
connect_hw_server
INFO: [Labtools 27-2285] Connecting to hw_server url TCP:localhost:3121
disconnect_hw_server localhost:3121
connect_hw_server
INFO: [Labtools 27-2285] Connecting to hw_server url TCP:localhost:3121
disconnect_hw_server localhost:3121
connect_hw_server
INFO: [Labtools 27-2285] Connecting to hw_server url TCP:localhost:3121
disconnect_hw_server localhost:3121
connect_hw_server
INFO: [Labtools 27-2285] Connecting to hw_server url TCP:localhost:3121
disconnect_hw_server localhost:3121
connect_hw_server
INFO: [Labtools 27-2285] Connecting to hw_server url TCP:localhost:3121
disconnect_hw_server localhost:3121
connect_hw_server
INFO: [Labtools 27-2285] Connecting to hw_server url TCP:localhost:3121
exit
INFO: [Common 17-206] Exiting Vivado at Sun May 22 21:51:03 2022...
